<?xml version="1.0" encoding="UTF-8"?>
<!-- Generated by org.testng.reporters.JUnitReportReporter -->
<testsuite hostname="sky" name="org.sky.auto.test.FileFinderTest" tests="1" failures="0" timestamp="28 Feb 2013 09:23:57 GMT" time="0.018" errors="0">
  <testcase name="testClassPath" time="0.018" classname="org.sky.auto.test.FileFinderTest"/>
</testsuite> <!-- org.sky.auto.test.FileFinderTest -->
